<component name="libraryTable">
  <library name="junit-4.12.jar-4.12">
    <CLASSES>
      <root url="jar://$PROJECT_DIR$/library-sp21/CS61B/junit-4.12.jar/4.12/junit-4.12.jar-4.12.jar!/" />
    </CLASSES>
    <JAVADOC />
    <SOURCES />
  </library>
</component>